Startpoint: reset (input port clocked by clk)
Endpoint: _123_ (rising edge-triggered flip-flop clocked by clk)
Path Group: clk
Path Type: min

  Delay    Time   Description
---------------------------------------------------------
   0.00    0.00   clock clk (rise edge)
   0.00    0.00   clock network delay (ideal)
   2.00    2.00 ^ input external delay
   0.00    2.00 ^ reset (in)
   0.02    2.02 v _086_/Y (sky130_fd_sc_hd__a211oi_1)
   0.00    2.02 v _123_/D (sky130_fd_sc_hd__dfxtp_1)
           2.02   data arrival time

   0.00    0.00   clock clk (rise edge)
   0.00    0.00   clock network delay (ideal)
   0.00    0.00   clock reconvergence pessimism
           0.00 ^ _123_/CLK (sky130_fd_sc_hd__dfxtp_1)
  -0.05   -0.05   library hold time
          -0.05   data required time
---------------------------------------------------------
          -0.05   data required time
          -2.02   data arrival time
---------------------------------------------------------
           2.07   slack (MET)


