#! /nix/store/vh3lcg8gq2c3pxbqkqmrk3fmf3papk52-iverilog-12.0/bin/vvp
:ivl_version "12.0 (stable)";
:ivl_delay_selection "TYPICAL";
:vpi_time_precision - 12;
:vpi_module "/nix/store/vh3lcg8gq2c3pxbqkqmrk3fmf3papk52-iverilog-12.0/lib/ivl/system.vpi";
:vpi_module "/nix/store/vh3lcg8gq2c3pxbqkqmrk3fmf3papk52-iverilog-12.0/lib/ivl/vhdl_sys.vpi";
:vpi_module "/nix/store/vh3lcg8gq2c3pxbqkqmrk3fmf3papk52-iverilog-12.0/lib/ivl/vhdl_textio.vpi";
:vpi_module "/nix/store/vh3lcg8gq2c3pxbqkqmrk3fmf3papk52-iverilog-12.0/lib/ivl/v2005_math.vpi";
:vpi_module "/nix/store/vh3lcg8gq2c3pxbqkqmrk3fmf3papk52-iverilog-12.0/lib/ivl/va_math.vpi";
S_0x1fd3a6c0 .scope module, "Lut_tb" "Lut_tb" 2 3;
 .timescale -9 -12;
v0x1fd7c8c0_0 .var "a", 4 0;
v0x1fd7c9a0_0 .var "b", 4 0;
v0x1fd7ca40_0 .var "clk", 0 0;
v0x1fd7cae0_0 .net "out", 4 0, v0x1fd50bd0_0;  1 drivers
v0x1fd7cb80_0 .var "reset", 0 0;
v0x1fd7cc70_0 .var "s", 1 0;
v0x1fd7cd10_0 .var "sync", 0 0;
E_0x1fd5f190 .event negedge, v0x1fd50650_0;
S_0x1fd254d0 .scope module, "uut" "Lut" 2 14, 3 1 0, S_0x1fd3a6c0;
 .timescale 0 0;
    .port_info 0 /INPUT 5 "a";
    .port_info 1 /INPUT 5 "b";
    .port_info 2 /INPUT 1 "clk";
    .port_info 3 /INPUT 1 "reset";
    .port_info 4 /INPUT 2 "s";
    .port_info 5 /INPUT 1 "sync";
    .port_info 6 /OUTPUT 5 "out";
v0x1fd500e0_0 .net "a", 4 0, v0x1fd7c8c0_0;  1 drivers
v0x1fd50440_0 .net "b", 4 0, v0x1fd7c9a0_0;  1 drivers
v0x1fd50650_0 .net "clk", 0 0, v0x1fd7ca40_0;  1 drivers
v0x1fd50bd0_0 .var "out", 4 0;
v0x1fd50de0_0 .net "reset", 0 0, v0x1fd7cb80_0;  1 drivers
v0x1fd51360_0 .net "s", 1 0, v0x1fd7cc70_0;  1 drivers
v0x1fd51c00_0 .net "sync", 0 0, v0x1fd7cd10_0;  1 drivers
v0x1fd7c700_0 .var "y", 4 0;
E_0x1fd5f5e0 .event posedge, v0x1fd50650_0;
E_0x1fd4ad30 .event anyedge, v0x1fd51360_0, v0x1fd500e0_0, v0x1fd50440_0;
    .scope S_0x1fd254d0;
T_0 ;
    %wait E_0x1fd4ad30;
    %pushi/vec4 0, 0, 5;
    %store/vec4 v0x1fd7c700_0, 0, 5;
    %load/vec4 v0x1fd51360_0;
    %dup/vec4;
    %pushi/vec4 0, 0, 2;
    %cmp/u;
    %jmp/1 T_0.0, 6;
    %dup/vec4;
    %pushi/vec4 1, 0, 2;
    %cmp/u;
    %jmp/1 T_0.1, 6;
    %dup/vec4;
    %pushi/vec4 2, 0, 2;
    %cmp/u;
    %jmp/1 T_0.2, 6;
    %dup/vec4;
    %pushi/vec4 3, 0, 2;
    %cmp/u;
    %jmp/1 T_0.3, 6;
    %jmp T_0.4;
T_0.0 ;
    %load/vec4 v0x1fd500e0_0;
    %load/vec4 v0x1fd50440_0;
    %and;
    %store/vec4 v0x1fd7c700_0, 0, 5;
    %jmp T_0.4;
T_0.1 ;
    %load/vec4 v0x1fd500e0_0;
    %load/vec4 v0x1fd50440_0;
    %or;
    %store/vec4 v0x1fd7c700_0, 0, 5;
    %jmp T_0.4;
T_0.2 ;
    %load/vec4 v0x1fd500e0_0;
    %load/vec4 v0x1fd50440_0;
    %add;
    %store/vec4 v0x1fd7c700_0, 0, 5;
    %jmp T_0.4;
T_0.3 ;
    %load/vec4 v0x1fd500e0_0;
    %load/vec4 v0x1fd50440_0;
    %sub;
    %store/vec4 v0x1fd7c700_0, 0, 5;
    %jmp T_0.4;
T_0.4 ;
    %pop/vec4 1;
    %jmp T_0;
    .thread T_0, $push;
    .scope S_0x1fd254d0;
T_1 ;
    %wait E_0x1fd5f5e0;
    %load/vec4 v0x1fd50de0_0;
    %flag_set/vec4 8;
    %jmp/0xz  T_1.0, 8;
    %pushi/vec4 0, 0, 5;
    %assign/vec4 v0x1fd50bd0_0, 0;
    %jmp T_1.1;
T_1.0 ;
    %load/vec4 v0x1fd51c00_0;
    %flag_set/vec4 8;
    %jmp/0xz  T_1.2, 8;
    %load/vec4 v0x1fd7c700_0;
    %assign/vec4 v0x1fd50bd0_0, 0;
T_1.2 ;
T_1.1 ;
    %jmp T_1;
    .thread T_1;
    .scope S_0x1fd3a6c0;
T_2 ;
    %delay 5000, 0;
    %load/vec4 v0x1fd7ca40_0;
    %inv;
    %store/vec4 v0x1fd7ca40_0, 0, 1;
    %jmp T_2;
    .thread T_2;
    .scope S_0x1fd3a6c0;
T_3 ;
    %vpi_call 2 29 "$dumpfile", "wave.vcd" {0 0 0};
    %vpi_call 2 30 "$dumpvars", 32'sb00000000000000000000000000000000, S_0x1fd3a6c0 {0 0 0};
    %end;
    .thread T_3;
    .scope S_0x1fd3a6c0;
T_4 ;
    %pushi/vec4 0, 0, 1;
    %store/vec4 v0x1fd7ca40_0, 0, 1;
    %pushi/vec4 1, 0, 1;
    %store/vec4 v0x1fd7cb80_0, 0, 1;
    %pushi/vec4 0, 0, 1;
    %store/vec4 v0x1fd7cd10_0, 0, 1;
    %pushi/vec4 0, 0, 5;
    %store/vec4 v0x1fd7c8c0_0, 0, 5;
    %pushi/vec4 0, 0, 5;
    %store/vec4 v0x1fd7c9a0_0, 0, 5;
    %pushi/vec4 0, 0, 2;
    %store/vec4 v0x1fd7cc70_0, 0, 2;
    %pushi/vec4 2, 0, 32;
T_4.0 %dup/vec4;
    %pushi/vec4 0, 0, 32;
    %cmp/s;
    %jmp/1xz T_4.1, 5;
    %jmp/1 T_4.1, 4;
    %pushi/vec4 1, 0, 32;
    %sub;
    %wait E_0x1fd5f5e0;
    %jmp T_4.0;
T_4.1 ;
    %pop/vec4 1;
    %pushi/vec4 0, 0, 1;
    %assign/vec4 v0x1fd7cb80_0, 0;
    %wait E_0x1fd5f190;
    %pushi/vec4 21, 0, 5;
    %assign/vec4 v0x1fd7c8c0_0, 0;
    %pushi/vec4 24, 0, 5;
    %assign/vec4 v0x1fd7c9a0_0, 0;
    %pushi/vec4 0, 0, 2;
    %assign/vec4 v0x1fd7cc70_0, 0;
    %pushi/vec4 1, 0, 1;
    %assign/vec4 v0x1fd7cd10_0, 0;
    %wait E_0x1fd5f5e0;
    %wait E_0x1fd5f190;
    %pushi/vec4 1, 0, 2;
    %assign/vec4 v0x1fd7cc70_0, 0;
    %wait E_0x1fd5f5e0;
    %wait E_0x1fd5f190;
    %pushi/vec4 10, 0, 5;
    %assign/vec4 v0x1fd7c8c0_0, 0;
    %pushi/vec4 5, 0, 5;
    %assign/vec4 v0x1fd7c9a0_0, 0;
    %pushi/vec4 2, 0, 2;
    %assign/vec4 v0x1fd7cc70_0, 0;
    %wait E_0x1fd5f5e0;
    %wait E_0x1fd5f190;
    %pushi/vec4 15, 0, 5;
    %assign/vec4 v0x1fd7c8c0_0, 0;
    %pushi/vec4 3, 0, 5;
    %assign/vec4 v0x1fd7c9a0_0, 0;
    %pushi/vec4 3, 0, 2;
    %assign/vec4 v0x1fd7cc70_0, 0;
    %wait E_0x1fd5f5e0;
    %wait E_0x1fd5f190;
    %pushi/vec4 0, 0, 1;
    %assign/vec4 v0x1fd7cd10_0, 0;
    %pushi/vec4 31, 0, 5;
    %assign/vec4 v0x1fd7c8c0_0, 0;
    %pushi/vec4 1, 0, 5;
    %assign/vec4 v0x1fd7c9a0_0, 0;
    %pushi/vec4 0, 0, 2;
    %assign/vec4 v0x1fd7cc70_0, 0;
    %wait E_0x1fd5f5e0;
    %vpi_call 2 86 "$finish" {0 0 0};
    %end;
    .thread T_4;
    .scope S_0x1fd3a6c0;
T_5 ;
    %vpi_call 2 91 "$monitor", "Time=%0t | a=%b b=%b s=%b sync=%b out=%b", $time, v0x1fd7c8c0_0, v0x1fd7c9a0_0, v0x1fd7cc70_0, v0x1fd7cd10_0, v0x1fd7cae0_0 {0 0 0};
    %end;
    .thread T_5;
# The file index is used to find the file name in the following table.
:file_names 4;
    "N/A";
    "<interactive>";
    "Lut_tb.v";
    "Lut.v";
