do run.do
# 
# QuestaSim-64 vmap 2024.1 Lib Mapping Utility 2024.02 Feb  1 2024
# vmap work work 
# Modifying C:/questasim64_2024.1/examples/My_Project/fifo_uvm/fifo_uvm.mpf
# QuestaSim-64 vlog 2024.1 Compiler 2024.02 Feb  1 2024
# Start time: 22:10:26 on Apr 19,2026
# vlog -reportprogress 300 -sv design.sv fifo_mem.v rd_ctrl.v wr_ctrl.v sync_2ff.v 
# -- Compiling module asynchronous_fifo
# -- Compiling module fifo_mem
# -- Compiling module rd_ctrl
# -- Compiling module wr_ctrl
# -- Compiling module sync_2ff
# 
# Top level modules:
# 	asynchronous_fifo
# End time: 22:10:26 on Apr 19,2026, Elapsed time: 0:00:00
# Errors: 0, Warnings: 0
# QuestaSim-64 vlog 2024.1 Compiler 2024.02 Feb  1 2024
# Start time: 22:10:26 on Apr 19,2026
# vlog -reportprogress 300 -sv my_pkg.sv 
# -- Compiling package my_pkg
# -- Importing package mtiUvm.uvm_pkg (uvm-1.1d Built-in)
# ** Note: (vlog-2286) my_pkg.sv(4): Using implicit +incdir+C:/questasim64_2024.1/uvm-1.1d/../verilog_src/uvm-1.1d/src from import uvm_pkg
# ** Warning: sequence.sv(24): (vlog-2240) Treating stand-alone use of function 'randomize' as an implicit VOID cast.
# ** Warning: sequence.sv(54): (vlog-2240) Treating stand-alone use of function 'randomize' as an implicit VOID cast.
# 
# Top level modules:
# 	--none--
# End time: 22:10:27 on Apr 19,2026, Elapsed time: 0:00:01
# Errors: 0, Warnings: 2
# QuestaSim-64 vlog 2024.1 Compiler 2024.02 Feb  1 2024
# Start time: 22:10:27 on Apr 19,2026
# vlog -reportprogress 300 -sv interface.sv 
# -- Compiling interface fifo_interface
# ** Warning: interface.sv(11): (vlog-2283) Extra semicolon in $unit (global) scope.
# ** Warning: interface.sv(12): (vlog-2284) Empty $unit scope found.
# -- Compiling package interface_sv_unit
# 
# Top level modules:
# 	--none--
# End time: 22:10:27 on Apr 19,2026, Elapsed time: 0:00:00
# Errors: 0, Warnings: 2
# QuestaSim-64 vlog 2024.1 Compiler 2024.02 Feb  1 2024
# Start time: 22:10:27 on Apr 19,2026
# vlog -reportprogress 300 -sv testbench.sv 
# ** Note: (vlog-2286) testbench.sv(6): Using implicit +incdir+C:/questasim64_2024.1/uvm-1.1d/../verilog_src/uvm-1.1d/src from import uvm_pkg
# -- Compiling package testbench_sv_unit
# -- Importing package mtiUvm.uvm_pkg (uvm-1.1d Built-in)
# -- Importing package my_pkg
# -- Compiling module top
# 
# Top level modules:
# 	top
# End time: 22:10:27 on Apr 19,2026, Elapsed time: 0:00:00
# Errors: 0, Warnings: 0
# vsim -voptargs="+acc" work.top 
# Start time: 22:10:27 on Apr 19,2026
# ** Note: (vsim-3812) Design is being optimized...
# ** Warning: (vopt-10587) Some optimizations are turned off because the +acc switch is in effect. This will cause your simulation to run slowly. Please use -access/-debug to maintain needed visibility.
# Support of the MGLS_LICENSE_FILE and LM_LICENSE_FILE licensing environment variables will be discontinued starting with the 2025.1 release. Please update to using the SALT_LICENSE_SERVER variable.
# Please contact Siemens EDA Customer Support (https://support.sw.siemens.com/) for assistance.
# ** Warning: sequence.sv(24): (vopt-2240) Treating stand-alone use of function 'randomize' as an implicit VOID cast.
# ** Warning: sequence.sv(54): (vopt-2240) Treating stand-alone use of function 'randomize' as an implicit VOID cast.
# ** Note: (vsim-12126) Error and warning message counts have been restored: Errors=0, Warnings=3.
# Loading sv_std.std
# Loading work.fifo_interface(fast)
# Loading mtiUvm.uvm_pkg(fast)
# Loading work.my_pkg(fast)
# Loading work.testbench_sv_unit(fast)
# Loading mtiUvm.questa_uvm_pkg(fast)
# Loading work.top(fast)
# Loading work.interface_sv_unit(fast)
# Loading work.fifo_interface(fast__2)
# Loading work.asynchronous_fifo(fast)
# Loading work.sync_2ff(fast)
# Loading work.wr_ctrl(fast)
# Loading work.rd_ctrl(fast)
# Loading work.fifo_mem(fast)
# Loading C:/questasim64_2024.1/uvm-1.1d\win64\uvm_dpi.dll
# ** UI-Msg (Warning): (vish-4014) No objects found matching '*'.
# Error in macro ./run.do line 22
# ** UI-Msg (Warning): (vish-4014) No objects found matching '*'.
#     while executing
# "add wave -r *"
add wave -position insertpoint sim:/top/intf/*
run -all
# ----------------------------------------------------------------
# UVM-1.1d
# (C) 2007-2013 Mentor Graphics Corporation
# (C) 2007-2013 Cadence Design Systems, Inc.
# (C) 2006-2013 Synopsys, Inc.
# (C) 2011-2013 Cypress Semiconductor Corp.
# ----------------------------------------------------------------
# 
#   ***********       IMPORTANT RELEASE NOTES         ************
# 
#   You are using a version of the UVM library that has been compiled
#   with `UVM_NO_DEPRECATED undefined.
#   See http://www.eda.org/svdb/view.php?id=3313 for more details.
# 
#   You are using a version of the UVM library that has been compiled
#   with `UVM_OBJECT_MUST_HAVE_CONSTRUCTOR undefined.
#   See http://www.eda.org/svdb/view.php?id=3770 for more details.
# 
#       (Specify +UVM_NO_RELNOTES to turn off this notice)
# 
# UVM_INFO verilog_src/questa_uvm_pkg-1.2/src/questa_uvm_pkg.sv(277) @ 0: reporter [Questa UVM] QUESTA_UVM-1.2.3
# UVM_INFO verilog_src/questa_uvm_pkg-1.2/src/questa_uvm_pkg.sv(278) @ 0: reporter [Questa UVM]  questa_uvm::init(+struct)
# UVM_INFO @ 0: reporter [RNTST] Running test fifo_test...
# UVM_INFO monitor.sv(66) @ 5: uvm_test_top.env.agnt.mon [Monitor sampling outputs] w_en=x | Data_in =  x | r_en=x | data_out=  x | full=x | empty=x
# UVM_INFO monitor.sv(66) @ 25: uvm_test_top.env.agnt.mon [Monitor sampling outputs] w_en=0 | Data_in =182 | r_en=1 | data_out=  x | full=0 | empty=1
# UVM_INFO monitor.sv(66) @ 45: uvm_test_top.env.agnt.mon [Monitor sampling outputs] w_en=1 | Data_in =165 | r_en=0 | data_out=  x | full=0 | empty=1
# UVM_INFO monitor.sv(66) @ 65: uvm_test_top.env.agnt.mon [Monitor sampling outputs] w_en=1 | Data_in =170 | r_en=0 | data_out=  x | full=0 | empty=1
# UVM_INFO monitor.sv(66) @ 75: uvm_test_top.env.agnt.mon [Monitor sampling outputs] w_en=1 | Data_in =252 | r_en=0 | data_out=  x | full=0 | empty=1
# UVM_INFO monitor.sv(66) @ 85: uvm_test_top.env.agnt.mon [Monitor sampling outputs] w_en=1 | Data_in =252 | r_en=0 | data_out=  x | full=0 | empty=x
# UVM_INFO monitor.sv(66) @ 105: uvm_test_top.env.agnt.mon [Monitor sampling outputs] w_en=1 | Data_in =115 | r_en=0 | data_out=  x | full=0 | empty=x
# UVM_INFO monitor.sv(66) @ 125: uvm_test_top.env.agnt.mon [Monitor sampling outputs] w_en=1 | Data_in = 97 | r_en=0 | data_out=  x | full=0 | empty=x
# UVM_INFO monitor.sv(66) @ 145: uvm_test_top.env.agnt.mon [Monitor sampling outputs] w_en=1 | Data_in = 19 | r_en=0 | data_out=  x | full=0 | empty=x
# UVM_INFO monitor.sv(66) @ 165: uvm_test_top.env.agnt.mon [Monitor sampling outputs] w_en=1 | Data_in =150 | r_en=0 | data_out=  x | full=0 | empty=x
# UVM_INFO monitor.sv(66) @ 185: uvm_test_top.env.agnt.mon [Monitor sampling outputs] w_en=1 | Data_in =160 | r_en=0 | data_out=  x | full=0 | empty=x
# UVM_INFO monitor.sv(66) @ 205: uvm_test_top.env.agnt.mon [Monitor sampling outputs] w_en=1 | Data_in =210 | r_en=0 | data_out=  x | full=0 | empty=x
# UVM_INFO monitor.sv(66) @ 215: uvm_test_top.env.agnt.mon [Monitor sampling outputs] w_en=1 | Data_in =154 | r_en=0 | data_out=  x | full=0 | empty=x
# UVM_INFO monitor.sv(66) @ 225: uvm_test_top.env.agnt.mon [Monitor sampling outputs] w_en=1 | Data_in =154 | r_en=0 | data_out=  x | full=0 | empty=0
# UVM_INFO monitor.sv(66) @ 245: uvm_test_top.env.agnt.mon [Monitor sampling outputs] w_en=1 | Data_in = 53 | r_en=0 | data_out=  x | full=0 | empty=0
# UVM_INFO monitor.sv(66) @ 265: uvm_test_top.env.agnt.mon [Monitor sampling outputs] w_en=1 | Data_in =214 | r_en=0 | data_out=  x | full=0 | empty=0
# UVM_INFO monitor.sv(66) @ 285: uvm_test_top.env.agnt.mon [Monitor sampling outputs] w_en=1 | Data_in =104 | r_en=0 | data_out=  x | full=0 | empty=0
# UVM_INFO monitor.sv(66) @ 305: uvm_test_top.env.agnt.mon [Monitor sampling outputs] w_en=1 | Data_in = 23 | r_en=0 | data_out=  x | full=0 | empty=0
# UVM_INFO monitor.sv(66) @ 325: uvm_test_top.env.agnt.mon [Monitor sampling outputs] w_en=1 | Data_in =171 | r_en=0 | data_out=  x | full=0 | empty=0
# UVM_INFO monitor.sv(66) @ 345: uvm_test_top.env.agnt.mon [Monitor sampling outputs] w_en=1 | Data_in = 74 | r_en=0 | data_out=  x | full=0 | empty=0
# UVM_INFO monitor.sv(66) @ 355: uvm_test_top.env.agnt.mon [Monitor sampling outputs] w_en=0 | Data_in =  1 | r_en=1 | data_out=  x | full=1 | empty=0
# UVM_INFO monitor.sv(66) @ 365: uvm_test_top.env.agnt.mon [Monitor sampling outputs] w_en=0 | Data_in =  1 | r_en=1 | data_out=  x | full=1 | empty=0
# UVM_INFO monitor.sv(66) @ 385: uvm_test_top.env.agnt.mon [Monitor sampling outputs] w_en=0 | Data_in =  1 | r_en=1 | data_out=170 | full=1 | empty=0
# UVM_INFO monitor.sv(66) @ 405: uvm_test_top.env.agnt.mon [Monitor sampling outputs] w_en=0 | Data_in =  1 | r_en=1 | data_out=170 | full=1 | empty=0
# UVM_INFO monitor.sv(66) @ 425: uvm_test_top.env.agnt.mon [Monitor sampling outputs] w_en=0 | Data_in =  1 | r_en=1 | data_out=170 | full=0 | empty=0
# UVM_INFO monitor.sv(66) @ 445: uvm_test_top.env.agnt.mon [Monitor sampling outputs] w_en=0 | Data_in =  1 | r_en=1 | data_out=170 | full=0 | empty=0
# UVM_INFO monitor.sv(66) @ 465: uvm_test_top.env.agnt.mon [Monitor sampling outputs] w_en=0 | Data_in =  1 | r_en=1 | data_out=252 | full=0 | empty=0
# UVM_INFO monitor.sv(66) @ 485: uvm_test_top.env.agnt.mon [Monitor sampling outputs] w_en=0 | Data_in =  1 | r_en=1 | data_out=252 | full=0 | empty=0
# UVM_INFO monitor.sv(66) @ 495: uvm_test_top.env.agnt.mon [Monitor sampling outputs] w_en=0 | Data_in =  1 | r_en=1 | data_out=252 | full=0 | empty=0
# UVM_INFO monitor.sv(66) @ 505: uvm_test_top.env.agnt.mon [Monitor sampling outputs] w_en=0 | Data_in =  1 | r_en=1 | data_out=252 | full=0 | empty=0
# UVM_INFO monitor.sv(66) @ 525: uvm_test_top.env.agnt.mon [Monitor sampling outputs] w_en=0 | Data_in =  1 | r_en=1 | data_out=115 | full=0 | empty=0
# UVM_INFO monitor.sv(66) @ 545: uvm_test_top.env.agnt.mon [Monitor sampling outputs] w_en=0 | Data_in =  1 | r_en=1 | data_out=115 | full=0 | empty=0
# UVM_INFO monitor.sv(66) @ 565: uvm_test_top.env.agnt.mon [Monitor sampling outputs] w_en=0 | Data_in =  1 | r_en=1 | data_out=115 | full=0 | empty=0
# UVM_INFO monitor.sv(66) @ 585: uvm_test_top.env.agnt.mon [Monitor sampling outputs] w_en=0 | Data_in =  1 | r_en=1 | data_out=115 | full=0 | empty=0
# UVM_INFO monitor.sv(66) @ 605: uvm_test_top.env.agnt.mon [Monitor sampling outputs] w_en=0 | Data_in =  1 | r_en=1 | data_out= 97 | full=0 | empty=0
# UVM_INFO monitor.sv(66) @ 625: uvm_test_top.env.agnt.mon [Monitor sampling outputs] w_en=0 | Data_in =  1 | r_en=1 | data_out= 97 | full=0 | empty=0
# UVM_INFO monitor.sv(66) @ 635: uvm_test_top.env.agnt.mon [Monitor sampling outputs] w_en=0 | Data_in =  1 | r_en=1 | data_out= 97 | full=0 | empty=0
# UVM_INFO monitor.sv(66) @ 645: uvm_test_top.env.agnt.mon [Monitor sampling outputs] w_en=0 | Data_in =  1 | r_en=1 | data_out= 97 | full=0 | empty=0
# UVM_INFO monitor.sv(66) @ 665: uvm_test_top.env.agnt.mon [Monitor sampling outputs] w_en=0 | Data_in =  1 | r_en=1 | data_out= 19 | full=0 | empty=0
# UVM_INFO monitor.sv(66) @ 685: uvm_test_top.env.agnt.mon [Monitor sampling outputs] w_en=0 | Data_in =  1 | r_en=1 | data_out= 19 | full=0 | empty=0
# UVM_INFO monitor.sv(66) @ 705: uvm_test_top.env.agnt.mon [Monitor sampling outputs] w_en=0 | Data_in =  1 | r_en=1 | data_out= 19 | full=0 | empty=0
# UVM_INFO monitor.sv(66) @ 725: uvm_test_top.env.agnt.mon [Monitor sampling outputs] w_en=0 | Data_in =  1 | r_en=1 | data_out= 19 | full=0 | empty=0
# UVM_INFO monitor.sv(66) @ 745: uvm_test_top.env.agnt.mon [Monitor sampling outputs] w_en=0 | Data_in =  1 | r_en=1 | data_out=150 | full=0 | empty=0
# UVM_INFO monitor.sv(66) @ 765: uvm_test_top.env.agnt.mon [Monitor sampling outputs] w_en=0 | Data_in =  1 | r_en=1 | data_out=150 | full=0 | empty=0
# UVM_INFO monitor.sv(66) @ 775: uvm_test_top.env.agnt.mon [Monitor sampling outputs] w_en=0 | Data_in =  1 | r_en=1 | data_out=150 | full=0 | empty=0
# UVM_INFO monitor.sv(66) @ 785: uvm_test_top.env.agnt.mon [Monitor sampling outputs] w_en=0 | Data_in =  1 | r_en=1 | data_out=150 | full=0 | empty=0
# UVM_INFO monitor.sv(66) @ 805: uvm_test_top.env.agnt.mon [Monitor sampling outputs] w_en=0 | Data_in =  1 | r_en=1 | data_out=160 | full=0 | empty=0
# UVM_INFO monitor.sv(66) @ 825: uvm_test_top.env.agnt.mon [Monitor sampling outputs] w_en=0 | Data_in =  1 | r_en=1 | data_out=160 | full=0 | empty=0
# UVM_INFO monitor.sv(66) @ 845: uvm_test_top.env.agnt.mon [Monitor sampling outputs] w_en=0 | Data_in =  1 | r_en=1 | data_out=160 | full=0 | empty=0
# UVM_INFO monitor.sv(66) @ 865: uvm_test_top.env.agnt.mon [Monitor sampling outputs] w_en=0 | Data_in =  1 | r_en=1 | data_out=160 | full=0 | empty=0
# UVM_INFO monitor.sv(66) @ 885: uvm_test_top.env.agnt.mon [Monitor sampling outputs] w_en=0 | Data_in =  1 | r_en=1 | data_out=210 | full=0 | empty=0
# UVM_INFO monitor.sv(66) @ 905: uvm_test_top.env.agnt.mon [Monitor sampling outputs] w_en=0 | Data_in =  1 | r_en=1 | data_out=210 | full=0 | empty=0
# UVM_INFO monitor.sv(66) @ 915: uvm_test_top.env.agnt.mon [Monitor sampling outputs] w_en=0 | Data_in =  1 | r_en=1 | data_out=210 | full=0 | empty=0
# UVM_INFO monitor.sv(66) @ 925: uvm_test_top.env.agnt.mon [Monitor sampling outputs] w_en=0 | Data_in =  1 | r_en=1 | data_out=210 | full=0 | empty=0
# UVM_INFO monitor.sv(66) @ 945: uvm_test_top.env.agnt.mon [Monitor sampling outputs] w_en=0 | Data_in =  1 | r_en=1 | data_out=154 | full=0 | empty=0
# UVM_INFO monitor.sv(66) @ 965: uvm_test_top.env.agnt.mon [Monitor sampling outputs] w_en=0 | Data_in =  1 | r_en=1 | data_out=154 | full=0 | empty=0
# UVM_INFO monitor.sv(66) @ 985: uvm_test_top.env.agnt.mon [Monitor sampling outputs] w_en=0 | Data_in =  1 | r_en=1 | data_out=154 | full=0 | empty=0
# UVM_INFO monitor.sv(66) @ 1005: uvm_test_top.env.agnt.mon [Monitor sampling outputs] w_en=0 | Data_in =  1 | r_en=1 | data_out=154 | full=0 | empty=0
# UVM_INFO monitor.sv(66) @ 1025: uvm_test_top.env.agnt.mon [Monitor sampling outputs] w_en=0 | Data_in =  1 | r_en=1 | data_out= 53 | full=0 | empty=0
# UVM_INFO monitor.sv(66) @ 1045: uvm_test_top.env.agnt.mon [Monitor sampling outputs] w_en=0 | Data_in =  1 | r_en=1 | data_out= 53 | full=0 | empty=0
# UVM_INFO monitor.sv(66) @ 1055: uvm_test_top.env.agnt.mon [Monitor sampling outputs] w_en=0 | Data_in =  1 | r_en=1 | data_out= 53 | full=0 | empty=0
# UVM_INFO monitor.sv(66) @ 1065: uvm_test_top.env.agnt.mon [Monitor sampling outputs] w_en=0 | Data_in =  1 | r_en=1 | data_out= 53 | full=0 | empty=0
# UVM_INFO monitor.sv(66) @ 1085: uvm_test_top.env.agnt.mon [Monitor sampling outputs] w_en=0 | Data_in =  1 | r_en=1 | data_out=214 | full=0 | empty=0
# UVM_INFO monitor.sv(66) @ 1105: uvm_test_top.env.agnt.mon [Monitor sampling outputs] w_en=0 | Data_in =  1 | r_en=1 | data_out=214 | full=0 | empty=0
# UVM_INFO monitor.sv(66) @ 1125: uvm_test_top.env.agnt.mon [Monitor sampling outputs] w_en=0 | Data_in =  1 | r_en=1 | data_out=214 | full=0 | empty=0
# UVM_INFO monitor.sv(66) @ 1145: uvm_test_top.env.agnt.mon [Monitor sampling outputs] w_en=0 | Data_in =  1 | r_en=1 | data_out=214 | full=0 | empty=0
# UVM_INFO monitor.sv(66) @ 1165: uvm_test_top.env.agnt.mon [Monitor sampling outputs] w_en=0 | Data_in =  1 | r_en=1 | data_out=104 | full=0 | empty=0
# UVM_INFO monitor.sv(66) @ 1185: uvm_test_top.env.agnt.mon [Monitor sampling outputs] w_en=0 | Data_in =  1 | r_en=1 | data_out=104 | full=0 | empty=0
# UVM_INFO monitor.sv(66) @ 1195: uvm_test_top.env.agnt.mon [Monitor sampling outputs] w_en=0 | Data_in =  1 | r_en=1 | data_out=104 | full=0 | empty=0
# UVM_INFO monitor.sv(66) @ 1205: uvm_test_top.env.agnt.mon [Monitor sampling outputs] w_en=0 | Data_in =  1 | r_en=1 | data_out=104 | full=0 | empty=0
# UVM_INFO monitor.sv(66) @ 1225: uvm_test_top.env.agnt.mon [Monitor sampling outputs] w_en=0 | Data_in =  1 | r_en=1 | data_out= 23 | full=0 | empty=0
# UVM_INFO monitor.sv(66) @ 1245: uvm_test_top.env.agnt.mon [Monitor sampling outputs] w_en=0 | Data_in =  1 | r_en=1 | data_out= 23 | full=0 | empty=0
# UVM_INFO monitor.sv(66) @ 1265: uvm_test_top.env.agnt.mon [Monitor sampling outputs] w_en=0 | Data_in =  1 | r_en=1 | data_out= 23 | full=0 | empty=0
# UVM_INFO monitor.sv(66) @ 1285: uvm_test_top.env.agnt.mon [Monitor sampling outputs] w_en=0 | Data_in =  1 | r_en=1 | data_out= 23 | full=0 | empty=0
# UVM_INFO monitor.sv(66) @ 1305: uvm_test_top.env.agnt.mon [Monitor sampling outputs] w_en=0 | Data_in =  1 | r_en=1 | data_out=171 | full=0 | empty=0
# UVM_INFO monitor.sv(66) @ 1325: uvm_test_top.env.agnt.mon [Monitor sampling outputs] w_en=0 | Data_in =  1 | r_en=1 | data_out=171 | full=0 | empty=0
# UVM_INFO monitor.sv(66) @ 1335: uvm_test_top.env.agnt.mon [Monitor sampling outputs] w_en=0 | Data_in =  1 | r_en=1 | data_out=171 | full=0 | empty=0
# UVM_INFO monitor.sv(66) @ 1345: uvm_test_top.env.agnt.mon [Monitor sampling outputs] w_en=0 | Data_in =  1 | r_en=1 | data_out=171 | full=0 | empty=0
# UVM_INFO monitor.sv(66) @ 1365: uvm_test_top.env.agnt.mon [Monitor sampling outputs] w_en=0 | Data_in =  1 | r_en=1 | data_out= 74 | full=0 | empty=0
# UVM_INFO monitor.sv(66) @ 1385: uvm_test_top.env.agnt.mon [Monitor sampling outputs] w_en=0 | Data_in =  1 | r_en=1 | data_out= 74 | full=0 | empty=0
# UVM_INFO monitor.sv(66) @ 1405: uvm_test_top.env.agnt.mon [Monitor sampling outputs] w_en=0 | Data_in =  1 | r_en=1 | data_out= 74 | full=0 | empty=0
# UVM_INFO monitor.sv(66) @ 1425: uvm_test_top.env.agnt.mon [Monitor sampling outputs] w_en=0 | Data_in =  1 | r_en=1 | data_out= 74 | full=0 | empty=1
# UVM_INFO monitor.sv(66) @ 1445: uvm_test_top.env.agnt.mon [Monitor sampling outputs] w_en=0 | Data_in =  1 | r_en=1 | data_out= 74 | full=0 | empty=1
# UVM_INFO monitor.sv(66) @ 1465: uvm_test_top.env.agnt.mon [Monitor sampling outputs] w_en=0 | Data_in =  1 | r_en=1 | data_out= 74 | full=0 | empty=1
# UVM_INFO monitor.sv(66) @ 1475: uvm_test_top.env.agnt.mon [Monitor sampling outputs] w_en=0 | Data_in =  1 | r_en=1 | data_out= 74 | full=0 | empty=1
# UVM_INFO monitor.sv(66) @ 1485: uvm_test_top.env.agnt.mon [Monitor sampling outputs] w_en=0 | Data_in =  1 | r_en=1 | data_out= 74 | full=0 | empty=1
# UVM_INFO monitor.sv(66) @ 1505: uvm_test_top.env.agnt.mon [Monitor sampling outputs] w_en=0 | Data_in =  1 | r_en=1 | data_out= 74 | full=0 | empty=1
# UVM_INFO monitor.sv(66) @ 1525: uvm_test_top.env.agnt.mon [Monitor sampling outputs] w_en=0 | Data_in =  1 | r_en=1 | data_out= 74 | full=0 | empty=1
# UVM_INFO monitor.sv(66) @ 1545: uvm_test_top.env.agnt.mon [Monitor sampling outputs] w_en=0 | Data_in =  1 | r_en=1 | data_out= 74 | full=0 | empty=1
# UVM_INFO monitor.sv(66) @ 1565: uvm_test_top.env.agnt.mon [Monitor sampling outputs] w_en=0 | Data_in =  1 | r_en=1 | data_out= 74 | full=0 | empty=1
# UVM_INFO monitor.sv(66) @ 1585: uvm_test_top.env.agnt.mon [Monitor sampling outputs] w_en=0 | Data_in =  1 | r_en=1 | data_out= 74 | full=0 | empty=1
# UVM_INFO monitor.sv(66) @ 1605: uvm_test_top.env.agnt.mon [Monitor sampling outputs] w_en=0 | Data_in =  1 | r_en=1 | data_out= 74 | full=0 | empty=1
# UVM_INFO monitor.sv(66) @ 1615: uvm_test_top.env.agnt.mon [Monitor sampling outputs] w_en=0 | Data_in =  1 | r_en=1 | data_out= 74 | full=0 | empty=1
# UVM_INFO monitor.sv(66) @ 1625: uvm_test_top.env.agnt.mon [Monitor sampling outputs] w_en=0 | Data_in =  1 | r_en=1 | data_out= 74 | full=0 | empty=1
# UVM_INFO monitor.sv(66) @ 1645: uvm_test_top.env.agnt.mon [Monitor sampling outputs] w_en=0 | Data_in =  1 | r_en=1 | data_out= 74 | full=0 | empty=1
# UVM_INFO monitor.sv(66) @ 1665: uvm_test_top.env.agnt.mon [Monitor sampling outputs] w_en=0 | Data_in =  1 | r_en=1 | data_out= 74 | full=0 | empty=1
# UVM_INFO monitor.sv(66) @ 1685: uvm_test_top.env.agnt.mon [Monitor sampling outputs] w_en=0 | Data_in =  1 | r_en=1 | data_out= 74 | full=0 | empty=1
# UVM_INFO monitor.sv(66) @ 1705: uvm_test_top.env.agnt.mon [Monitor sampling outputs] w_en=0 | Data_in =  1 | r_en=1 | data_out= 74 | full=0 | empty=1
# UVM_INFO monitor.sv(66) @ 1725: uvm_test_top.env.agnt.mon [Monitor sampling outputs] w_en=0 | Data_in =  1 | r_en=1 | data_out= 74 | full=0 | empty=1
# UVM_INFO monitor.sv(66) @ 1745: uvm_test_top.env.agnt.mon [Monitor sampling outputs] w_en=0 | Data_in =  1 | r_en=1 | data_out= 74 | full=0 | empty=1
# UVM_INFO monitor.sv(66) @ 1755: uvm_test_top.env.agnt.mon [Monitor sampling outputs] w_en=0 | Data_in =  1 | r_en=1 | data_out= 74 | full=0 | empty=1
# UVM_INFO monitor.sv(66) @ 1765: uvm_test_top.env.agnt.mon [Monitor sampling outputs] w_en=0 | Data_in =  1 | r_en=1 | data_out= 74 | full=0 | empty=1
# UVM_INFO monitor.sv(66) @ 1785: uvm_test_top.env.agnt.mon [Monitor sampling outputs] w_en=0 | Data_in =  1 | r_en=1 | data_out= 74 | full=0 | empty=1
# UVM_INFO monitor.sv(66) @ 1805: uvm_test_top.env.agnt.mon [Monitor sampling outputs] w_en=0 | Data_in =  1 | r_en=1 | data_out= 74 | full=0 | empty=1
# UVM_INFO monitor.sv(66) @ 1825: uvm_test_top.env.agnt.mon [Monitor sampling outputs] w_en=0 | Data_in =  1 | r_en=1 | data_out= 74 | full=0 | empty=1
# UVM_INFO monitor.sv(66) @ 1845: uvm_test_top.env.agnt.mon [Monitor sampling outputs] w_en=0 | Data_in =  1 | r_en=1 | data_out= 74 | full=0 | empty=1
# UVM_INFO monitor.sv(66) @ 1865: uvm_test_top.env.agnt.mon [Monitor sampling outputs] w_en=0 | Data_in =  1 | r_en=1 | data_out= 74 | full=0 | empty=1
# UVM_INFO monitor.sv(66) @ 1885: uvm_test_top.env.agnt.mon [Monitor sampling outputs] w_en=0 | Data_in =  1 | r_en=1 | data_out= 74 | full=0 | empty=1
# UVM_INFO monitor.sv(66) @ 1895: uvm_test_top.env.agnt.mon [Monitor sampling outputs] w_en=0 | Data_in =  1 | r_en=1 | data_out= 74 | full=0 | empty=1
# UVM_INFO monitor.sv(66) @ 1905: uvm_test_top.env.agnt.mon [Monitor sampling outputs] w_en=0 | Data_in =  1 | r_en=1 | data_out= 74 | full=0 | empty=1
# UVM_INFO monitor.sv(66) @ 1925: uvm_test_top.env.agnt.mon [Monitor sampling outputs] w_en=0 | Data_in =  1 | r_en=1 | data_out= 74 | full=0 | empty=1
# UVM_INFO monitor.sv(66) @ 1945: uvm_test_top.env.agnt.mon [Monitor sampling outputs] w_en=0 | Data_in =  1 | r_en=1 | data_out= 74 | full=0 | empty=1
# UVM_INFO monitor.sv(66) @ 1965: uvm_test_top.env.agnt.mon [Monitor sampling outputs] w_en=0 | Data_in =  1 | r_en=1 | data_out= 74 | full=0 | empty=1
# UVM_INFO monitor.sv(66) @ 1985: uvm_test_top.env.agnt.mon [Monitor sampling outputs] w_en=0 | Data_in =  1 | r_en=1 | data_out= 74 | full=0 | empty=1
# UVM_INFO monitor.sv(66) @ 2005: uvm_test_top.env.agnt.mon [Monitor sampling outputs] w_en=0 | Data_in =  1 | r_en=1 | data_out= 74 | full=0 | empty=1
# UVM_INFO monitor.sv(66) @ 2025: uvm_test_top.env.agnt.mon [Monitor sampling outputs] w_en=0 | Data_in =  1 | r_en=1 | data_out= 74 | full=0 | empty=1
# UVM_INFO monitor.sv(66) @ 2035: uvm_test_top.env.agnt.mon [Monitor sampling outputs] w_en=0 | Data_in =  1 | r_en=1 | data_out= 74 | full=0 | empty=1
# UVM_INFO monitor.sv(66) @ 2045: uvm_test_top.env.agnt.mon [Monitor sampling outputs] w_en=0 | Data_in =  1 | r_en=1 | data_out= 74 | full=0 | empty=1
# UVM_INFO monitor.sv(66) @ 2065: uvm_test_top.env.agnt.mon [Monitor sampling outputs] w_en=0 | Data_in =  1 | r_en=1 | data_out= 74 | full=0 | empty=1
# UVM_INFO monitor.sv(66) @ 2085: uvm_test_top.env.agnt.mon [Monitor sampling outputs] w_en=0 | Data_in =  1 | r_en=1 | data_out= 74 | full=0 | empty=1
# UVM_INFO monitor.sv(66) @ 2105: uvm_test_top.env.agnt.mon [Monitor sampling outputs] w_en=0 | Data_in =  1 | r_en=1 | data_out= 74 | full=0 | empty=1
# UVM_INFO monitor.sv(66) @ 2125: uvm_test_top.env.agnt.mon [Monitor sampling outputs] w_en=0 | Data_in =  1 | r_en=1 | data_out= 74 | full=0 | empty=1
# UVM_INFO monitor.sv(66) @ 2145: uvm_test_top.env.agnt.mon [Monitor sampling outputs] w_en=0 | Data_in =  1 | r_en=1 | data_out= 74 | full=0 | empty=1
# UVM_INFO monitor.sv(66) @ 2165: uvm_test_top.env.agnt.mon [Monitor sampling outputs] w_en=0 | Data_in =  1 | r_en=1 | data_out= 74 | full=0 | empty=1
# UVM_INFO monitor.sv(66) @ 2175: uvm_test_top.env.agnt.mon [Monitor sampling outputs] w_en=0 | Data_in =  1 | r_en=1 | data_out= 74 | full=0 | empty=1
# UVM_INFO monitor.sv(66) @ 2185: uvm_test_top.env.agnt.mon [Monitor sampling outputs] w_en=0 | Data_in =  1 | r_en=1 | data_out= 74 | full=0 | empty=1
# UVM_INFO monitor.sv(66) @ 2205: uvm_test_top.env.agnt.mon [Monitor sampling outputs] w_en=0 | Data_in =  1 | r_en=1 | data_out= 74 | full=0 | empty=1
# UVM_INFO monitor.sv(66) @ 2225: uvm_test_top.env.agnt.mon [Monitor sampling outputs] w_en=0 | Data_in =  1 | r_en=1 | data_out= 74 | full=0 | empty=1
# UVM_INFO monitor.sv(66) @ 2245: uvm_test_top.env.agnt.mon [Monitor sampling outputs] w_en=0 | Data_in =  1 | r_en=1 | data_out= 74 | full=0 | empty=1
# UVM_INFO monitor.sv(66) @ 2265: uvm_test_top.env.agnt.mon [Monitor sampling outputs] w_en=0 | Data_in =  1 | r_en=1 | data_out= 74 | full=0 | empty=1
# UVM_INFO monitor.sv(66) @ 2285: uvm_test_top.env.agnt.mon [Monitor sampling outputs] w_en=0 | Data_in =  1 | r_en=1 | data_out= 74 | full=0 | empty=1
# UVM_INFO monitor.sv(66) @ 2305: uvm_test_top.env.agnt.mon [Monitor sampling outputs] w_en=0 | Data_in =  1 | r_en=1 | data_out= 74 | full=0 | empty=1
# UVM_INFO monitor.sv(66) @ 2315: uvm_test_top.env.agnt.mon [Monitor sampling outputs] w_en=0 | Data_in =  1 | r_en=1 | data_out= 74 | full=0 | empty=1
# UVM_INFO monitor.sv(66) @ 2325: uvm_test_top.env.agnt.mon [Monitor sampling outputs] w_en=0 | Data_in =  1 | r_en=1 | data_out= 74 | full=0 | empty=1
# UVM_INFO monitor.sv(66) @ 2345: uvm_test_top.env.agnt.mon [Monitor sampling outputs] w_en=0 | Data_in =  1 | r_en=1 | data_out= 74 | full=0 | empty=1
# UVM_INFO monitor.sv(66) @ 2365: uvm_test_top.env.agnt.mon [Monitor sampling outputs] w_en=1 | Data_in = 62 | r_en=0 | data_out= 74 | full=0 | empty=1
# UVM_INFO monitor.sv(66) @ 2385: uvm_test_top.env.agnt.mon [Monitor sampling outputs] w_en=1 | Data_in = 48 | r_en=0 | data_out= 74 | full=0 | empty=1
# UVM_INFO monitor.sv(66) @ 2405: uvm_test_top.env.agnt.mon [Monitor sampling outputs] w_en=1 | Data_in =162 | r_en=0 | data_out= 74 | full=0 | empty=1
# UVM_INFO monitor.sv(66) @ 2425: uvm_test_top.env.agnt.mon [Monitor sampling outputs] w_en=1 | Data_in =244 | r_en=0 | data_out= 74 | full=0 | empty=1
# UVM_INFO monitor.sv(66) @ 2445: uvm_test_top.env.agnt.mon [Monitor sampling outputs] w_en=1 | Data_in =111 | r_en=0 | data_out= 74 | full=0 | empty=1
# UVM_INFO monitor.sv(66) @ 2455: uvm_test_top.env.agnt.mon [Monitor sampling outputs] w_en=1 | Data_in = 52 | r_en=0 | data_out= 74 | full=0 | empty=1
# UVM_INFO monitor.sv(66) @ 2465: uvm_test_top.env.agnt.mon [Monitor sampling outputs] w_en=1 | Data_in = 52 | r_en=0 | data_out= 74 | full=0 | empty=1
# UVM_INFO monitor.sv(66) @ 2485: uvm_test_top.env.agnt.mon [Monitor sampling outputs] w_en=1 | Data_in = 45 | r_en=0 | data_out= 74 | full=0 | empty=1
# UVM_INFO monitor.sv(66) @ 2505: uvm_test_top.env.agnt.mon [Monitor sampling outputs] w_en=1 | Data_in = 63 | r_en=0 | data_out= 74 | full=0 | empty=1
# UVM_INFO monitor.sv(66) @ 2525: uvm_test_top.env.agnt.mon [Monitor sampling outputs] w_en=1 | Data_in =129 | r_en=0 | data_out= 74 | full=0 | empty=1
# UVM_INFO monitor.sv(66) @ 2545: uvm_test_top.env.agnt.mon [Monitor sampling outputs] w_en=1 | Data_in =143 | r_en=0 | data_out= 74 | full=0 | empty=0
# UVM_INFO monitor.sv(66) @ 2565: uvm_test_top.env.agnt.mon [Monitor sampling outputs] w_en=1 | Data_in =204 | r_en=0 | data_out= 74 | full=0 | empty=0
# UVM_INFO monitor.sv(66) @ 2585: uvm_test_top.env.agnt.mon [Monitor sampling outputs] w_en=1 | Data_in =198 | r_en=0 | data_out= 74 | full=0 | empty=0
# UVM_INFO monitor.sv(66) @ 2595: uvm_test_top.env.agnt.mon [Monitor sampling outputs] w_en=1 | Data_in = 56 | r_en=0 | data_out= 74 | full=0 | empty=0
# UVM_INFO monitor.sv(66) @ 2605: uvm_test_top.env.agnt.mon [Monitor sampling outputs] w_en=1 | Data_in = 56 | r_en=0 | data_out= 74 | full=0 | empty=0
# UVM_INFO monitor.sv(66) @ 2625: uvm_test_top.env.agnt.mon [Monitor sampling outputs] w_en=1 | Data_in = 46 | r_en=0 | data_out= 74 | full=0 | empty=0
# UVM_INFO monitor.sv(66) @ 2645: uvm_test_top.env.agnt.mon [Monitor sampling outputs] w_en=1 | Data_in =193 | r_en=0 | data_out= 74 | full=0 | empty=0
# UVM_INFO monitor.sv(66) @ 2665: uvm_test_top.env.agnt.mon [Monitor sampling outputs] w_en=1 | Data_in = 24 | r_en=0 | data_out= 74 | full=0 | empty=0
# UVM_INFO monitor.sv(66) @ 2685: uvm_test_top.env.agnt.mon [Monitor sampling outputs] w_en=0 | Data_in =  1 | r_en=1 | data_out= 74 | full=1 | empty=0
# UVM_INFO monitor.sv(66) @ 2705: uvm_test_top.env.agnt.mon [Monitor sampling outputs] w_en=0 | Data_in =  1 | r_en=1 | data_out= 62 | full=1 | empty=0
# UVM_INFO monitor.sv(66) @ 2725: uvm_test_top.env.agnt.mon [Monitor sampling outputs] w_en=0 | Data_in =  1 | r_en=1 | data_out= 62 | full=1 | empty=0
# UVM_INFO monitor.sv(66) @ 2735: uvm_test_top.env.agnt.mon [Monitor sampling outputs] w_en=0 | Data_in =  1 | r_en=1 | data_out= 62 | full=1 | empty=0
# UVM_INFO monitor.sv(66) @ 2745: uvm_test_top.env.agnt.mon [Monitor sampling outputs] w_en=0 | Data_in =  1 | r_en=1 | data_out= 62 | full=1 | empty=0
# UVM_INFO monitor.sv(66) @ 2765: uvm_test_top.env.agnt.mon [Monitor sampling outputs] w_en=0 | Data_in =  1 | r_en=1 | data_out= 48 | full=1 | empty=0
# UVM_INFO monitor.sv(66) @ 2785: uvm_test_top.env.agnt.mon [Monitor sampling outputs] w_en=0 | Data_in =  1 | r_en=1 | data_out= 48 | full=1 | empty=0
# UVM_INFO monitor.sv(66) @ 2805: uvm_test_top.env.agnt.mon [Monitor sampling outputs] w_en=0 | Data_in =  1 | r_en=1 | data_out= 48 | full=0 | empty=0
# UVM_INFO monitor.sv(66) @ 2825: uvm_test_top.env.agnt.mon [Monitor sampling outputs] w_en=0 | Data_in =  1 | r_en=1 | data_out= 48 | full=0 | empty=0
# UVM_INFO monitor.sv(66) @ 2845: uvm_test_top.env.agnt.mon [Monitor sampling outputs] w_en=0 | Data_in =  1 | r_en=1 | data_out=162 | full=0 | empty=0
# UVM_INFO monitor.sv(66) @ 2865: uvm_test_top.env.agnt.mon [Monitor sampling outputs] w_en=0 | Data_in =  1 | r_en=1 | data_out=162 | full=0 | empty=0
# UVM_INFO monitor.sv(66) @ 2875: uvm_test_top.env.agnt.mon [Monitor sampling outputs] w_en=0 | Data_in =  1 | r_en=1 | data_out=162 | full=0 | empty=0
# UVM_INFO monitor.sv(66) @ 2885: uvm_test_top.env.agnt.mon [Monitor sampling outputs] w_en=0 | Data_in =  1 | r_en=1 | data_out=162 | full=0 | empty=0
# UVM_INFO monitor.sv(66) @ 2905: uvm_test_top.env.agnt.mon [Monitor sampling outputs] w_en=0 | Data_in =  1 | r_en=1 | data_out=244 | full=0 | empty=0
# UVM_INFO monitor.sv(66) @ 2925: uvm_test_top.env.agnt.mon [Monitor sampling outputs] w_en=0 | Data_in =  1 | r_en=1 | data_out=244 | full=0 | empty=0
# UVM_INFO monitor.sv(66) @ 2945: uvm_test_top.env.agnt.mon [Monitor sampling outputs] w_en=0 | Data_in =  1 | r_en=1 | data_out=244 | full=0 | empty=0
# UVM_INFO monitor.sv(66) @ 2965: uvm_test_top.env.agnt.mon [Monitor sampling outputs] w_en=0 | Data_in =  1 | r_en=1 | data_out=244 | full=0 | empty=0
# UVM_INFO monitor.sv(66) @ 2985: uvm_test_top.env.agnt.mon [Monitor sampling outputs] w_en=0 | Data_in =  1 | r_en=1 | data_out=111 | full=0 | empty=0
# UVM_INFO monitor.sv(66) @ 3005: uvm_test_top.env.agnt.mon [Monitor sampling outputs] w_en=0 | Data_in =  1 | r_en=1 | data_out=111 | full=0 | empty=0
# UVM_INFO monitor.sv(66) @ 3015: uvm_test_top.env.agnt.mon [Monitor sampling outputs] w_en=0 | Data_in =  1 | r_en=1 | data_out=111 | full=0 | empty=0
# UVM_INFO monitor.sv(66) @ 3025: uvm_test_top.env.agnt.mon [Monitor sampling outputs] w_en=0 | Data_in =  1 | r_en=1 | data_out=111 | full=0 | empty=0
# UVM_INFO monitor.sv(66) @ 3045: uvm_test_top.env.agnt.mon [Monitor sampling outputs] w_en=0 | Data_in =  1 | r_en=1 | data_out= 52 | full=0 | empty=0
# UVM_INFO monitor.sv(66) @ 3065: uvm_test_top.env.agnt.mon [Monitor sampling outputs] w_en=0 | Data_in =  1 | r_en=1 | data_out= 52 | full=0 | empty=0
# UVM_INFO monitor.sv(66) @ 3085: uvm_test_top.env.agnt.mon [Monitor sampling outputs] w_en=0 | Data_in =  1 | r_en=1 | data_out= 52 | full=0 | empty=0
# UVM_INFO monitor.sv(66) @ 3105: uvm_test_top.env.agnt.mon [Monitor sampling outputs] w_en=0 | Data_in =  1 | r_en=1 | data_out= 52 | full=0 | empty=0
# UVM_INFO monitor.sv(66) @ 3125: uvm_test_top.env.agnt.mon [Monitor sampling outputs] w_en=0 | Data_in =  1 | r_en=1 | data_out= 45 | full=0 | empty=0
# UVM_INFO monitor.sv(66) @ 3145: uvm_test_top.env.agnt.mon [Monitor sampling outputs] w_en=0 | Data_in =  1 | r_en=1 | data_out= 45 | full=0 | empty=0
# UVM_INFO monitor.sv(66) @ 3155: uvm_test_top.env.agnt.mon [Monitor sampling outputs] w_en=0 | Data_in =  1 | r_en=1 | data_out= 45 | full=0 | empty=0
# UVM_INFO monitor.sv(66) @ 3165: uvm_test_top.env.agnt.mon [Monitor sampling outputs] w_en=0 | Data_in =  1 | r_en=1 | data_out= 45 | full=0 | empty=0
# UVM_INFO monitor.sv(66) @ 3185: uvm_test_top.env.agnt.mon [Monitor sampling outputs] w_en=0 | Data_in =  1 | r_en=1 | data_out= 63 | full=0 | empty=0
# UVM_INFO monitor.sv(66) @ 3205: uvm_test_top.env.agnt.mon [Monitor sampling outputs] w_en=0 | Data_in =  1 | r_en=1 | data_out= 63 | full=0 | empty=0
# UVM_INFO monitor.sv(66) @ 3225: uvm_test_top.env.agnt.mon [Monitor sampling outputs] w_en=0 | Data_in =  1 | r_en=1 | data_out= 63 | full=0 | empty=0
# UVM_INFO monitor.sv(66) @ 3245: uvm_test_top.env.agnt.mon [Monitor sampling outputs] w_en=0 | Data_in =  1 | r_en=1 | data_out= 63 | full=0 | empty=0
# UVM_INFO monitor.sv(66) @ 3265: uvm_test_top.env.agnt.mon [Monitor sampling outputs] w_en=0 | Data_in =  1 | r_en=1 | data_out=129 | full=0 | empty=0
# UVM_INFO monitor.sv(66) @ 3285: uvm_test_top.env.agnt.mon [Monitor sampling outputs] w_en=0 | Data_in =  1 | r_en=1 | data_out=129 | full=0 | empty=0
# UVM_INFO monitor.sv(66) @ 3295: uvm_test_top.env.agnt.mon [Monitor sampling outputs] w_en=0 | Data_in =  1 | r_en=1 | data_out=129 | full=0 | empty=0
# UVM_INFO monitor.sv(66) @ 3305: uvm_test_top.env.agnt.mon [Monitor sampling outputs] w_en=0 | Data_in =  1 | r_en=1 | data_out=129 | full=0 | empty=0
# UVM_INFO monitor.sv(66) @ 3325: uvm_test_top.env.agnt.mon [Monitor sampling outputs] w_en=0 | Data_in =  1 | r_en=1 | data_out=143 | full=0 | empty=0
# UVM_INFO monitor.sv(66) @ 3345: uvm_test_top.env.agnt.mon [Monitor sampling outputs] w_en=0 | Data_in =  1 | r_en=1 | data_out=143 | full=0 | empty=0
# UVM_INFO monitor.sv(66) @ 3365: uvm_test_top.env.agnt.mon [Monitor sampling outputs] w_en=0 | Data_in =  1 | r_en=1 | data_out=143 | full=0 | empty=0
# UVM_INFO monitor.sv(66) @ 3385: uvm_test_top.env.agnt.mon [Monitor sampling outputs] w_en=0 | Data_in =  1 | r_en=1 | data_out=143 | full=0 | empty=0
# UVM_INFO monitor.sv(66) @ 3405: uvm_test_top.env.agnt.mon [Monitor sampling outputs] w_en=0 | Data_in =  1 | r_en=1 | data_out=204 | full=0 | empty=0
# UVM_INFO monitor.sv(66) @ 3425: uvm_test_top.env.agnt.mon [Monitor sampling outputs] w_en=0 | Data_in =  1 | r_en=1 | data_out=204 | full=0 | empty=0
# UVM_INFO monitor.sv(66) @ 3435: uvm_test_top.env.agnt.mon [Monitor sampling outputs] w_en=0 | Data_in =  1 | r_en=1 | data_out=204 | full=0 | empty=0
# UVM_INFO monitor.sv(66) @ 3445: uvm_test_top.env.agnt.mon [Monitor sampling outputs] w_en=0 | Data_in =  1 | r_en=1 | data_out=204 | full=0 | empty=0
# UVM_INFO monitor.sv(66) @ 3465: uvm_test_top.env.agnt.mon [Monitor sampling outputs] w_en=0 | Data_in =  1 | r_en=1 | data_out=198 | full=0 | empty=0
# UVM_INFO monitor.sv(66) @ 3485: uvm_test_top.env.agnt.mon [Monitor sampling outputs] w_en=0 | Data_in =  1 | r_en=1 | data_out=198 | full=0 | empty=0
# UVM_INFO monitor.sv(66) @ 3505: uvm_test_top.env.agnt.mon [Monitor sampling outputs] w_en=0 | Data_in =  1 | r_en=1 | data_out=198 | full=0 | empty=0
# UVM_INFO monitor.sv(66) @ 3525: uvm_test_top.env.agnt.mon [Monitor sampling outputs] w_en=0 | Data_in =  1 | r_en=1 | data_out=198 | full=0 | empty=0
# UVM_INFO monitor.sv(66) @ 3545: uvm_test_top.env.agnt.mon [Monitor sampling outputs] w_en=0 | Data_in =  1 | r_en=1 | data_out= 56 | full=0 | empty=0
# UVM_INFO monitor.sv(66) @ 3565: uvm_test_top.env.agnt.mon [Monitor sampling outputs] w_en=0 | Data_in =  1 | r_en=1 | data_out= 56 | full=0 | empty=0
# UVM_INFO monitor.sv(66) @ 3575: uvm_test_top.env.agnt.mon [Monitor sampling outputs] w_en=0 | Data_in =  1 | r_en=1 | data_out= 56 | full=0 | empty=0
# UVM_INFO monitor.sv(66) @ 3585: uvm_test_top.env.agnt.mon [Monitor sampling outputs] w_en=0 | Data_in =  1 | r_en=1 | data_out= 56 | full=0 | empty=0
# UVM_INFO monitor.sv(66) @ 3605: uvm_test_top.env.agnt.mon [Monitor sampling outputs] w_en=0 | Data_in =  1 | r_en=1 | data_out= 46 | full=0 | empty=0
# UVM_INFO monitor.sv(66) @ 3625: uvm_test_top.env.agnt.mon [Monitor sampling outputs] w_en=0 | Data_in =  1 | r_en=1 | data_out= 46 | full=0 | empty=0
# UVM_INFO monitor.sv(66) @ 3645: uvm_test_top.env.agnt.mon [Monitor sampling outputs] w_en=0 | Data_in =  1 | r_en=1 | data_out= 46 | full=0 | empty=0
# UVM_INFO monitor.sv(66) @ 3665: uvm_test_top.env.agnt.mon [Monitor sampling outputs] w_en=0 | Data_in =  1 | r_en=1 | data_out= 46 | full=0 | empty=0
# UVM_INFO monitor.sv(66) @ 3685: uvm_test_top.env.agnt.mon [Monitor sampling outputs] w_en=0 | Data_in =  1 | r_en=1 | data_out=193 | full=0 | empty=0
# UVM_INFO monitor.sv(66) @ 3705: uvm_test_top.env.agnt.mon [Monitor sampling outputs] w_en=0 | Data_in =  1 | r_en=1 | data_out=193 | full=0 | empty=0
# UVM_INFO monitor.sv(66) @ 3715: uvm_test_top.env.agnt.mon [Monitor sampling outputs] w_en=0 | Data_in =  1 | r_en=1 | data_out=193 | full=0 | empty=0
# UVM_INFO monitor.sv(66) @ 3725: uvm_test_top.env.agnt.mon [Monitor sampling outputs] w_en=0 | Data_in =  1 | r_en=1 | data_out=193 | full=0 | empty=0
# UVM_INFO monitor.sv(66) @ 3745: uvm_test_top.env.agnt.mon [Monitor sampling outputs] w_en=0 | Data_in =  1 | r_en=1 | data_out= 24 | full=0 | empty=0
# UVM_INFO monitor.sv(66) @ 3765: uvm_test_top.env.agnt.mon [Monitor sampling outputs] w_en=0 | Data_in =  1 | r_en=1 | data_out= 24 | full=0 | empty=0
# UVM_INFO monitor.sv(66) @ 3785: uvm_test_top.env.agnt.mon [Monitor sampling outputs] w_en=0 | Data_in =  1 | r_en=1 | data_out= 24 | full=0 | empty=0
# UVM_INFO monitor.sv(66) @ 3805: uvm_test_top.env.agnt.mon [Monitor sampling outputs] w_en=0 | Data_in =  1 | r_en=1 | data_out= 24 | full=0 | empty=1
# UVM_INFO monitor.sv(66) @ 3825: uvm_test_top.env.agnt.mon [Monitor sampling outputs] w_en=0 | Data_in =  1 | r_en=1 | data_out= 24 | full=0 | empty=1
# UVM_INFO monitor.sv(66) @ 3845: uvm_test_top.env.agnt.mon [Monitor sampling outputs] w_en=0 | Data_in =  1 | r_en=1 | data_out= 24 | full=0 | empty=1
# UVM_INFO monitor.sv(66) @ 3855: uvm_test_top.env.agnt.mon [Monitor sampling outputs] w_en=0 | Data_in =  1 | r_en=1 | data_out= 24 | full=0 | empty=1
# UVM_INFO monitor.sv(66) @ 3865: uvm_test_top.env.agnt.mon [Monitor sampling outputs] w_en=0 | Data_in =  1 | r_en=1 | data_out= 24 | full=0 | empty=1
# UVM_INFO monitor.sv(66) @ 3885: uvm_test_top.env.agnt.mon [Monitor sampling outputs] w_en=0 | Data_in =  1 | r_en=1 | data_out= 24 | full=0 | empty=1
# UVM_INFO monitor.sv(66) @ 3905: uvm_test_top.env.agnt.mon [Monitor sampling outputs] w_en=0 | Data_in =  1 | r_en=1 | data_out= 24 | full=0 | empty=1
# UVM_INFO monitor.sv(66) @ 3925: uvm_test_top.env.agnt.mon [Monitor sampling outputs] w_en=0 | Data_in =  1 | r_en=1 | data_out= 24 | full=0 | empty=1
# UVM_INFO monitor.sv(66) @ 3945: uvm_test_top.env.agnt.mon [Monitor sampling outputs] w_en=0 | Data_in =  1 | r_en=1 | data_out= 24 | full=0 | empty=1
# UVM_INFO monitor.sv(66) @ 3965: uvm_test_top.env.agnt.mon [Monitor sampling outputs] w_en=0 | Data_in =  1 | r_en=1 | data_out= 24 | full=0 | empty=1
# UVM_INFO monitor.sv(66) @ 3985: uvm_test_top.env.agnt.mon [Monitor sampling outputs] w_en=0 | Data_in =  1 | r_en=1 | data_out= 24 | full=0 | empty=1
# UVM_INFO monitor.sv(66) @ 3995: uvm_test_top.env.agnt.mon [Monitor sampling outputs] w_en=0 | Data_in =  1 | r_en=1 | data_out= 24 | full=0 | empty=1
# UVM_INFO monitor.sv(66) @ 4005: uvm_test_top.env.agnt.mon [Monitor sampling outputs] w_en=0 | Data_in =  1 | r_en=1 | data_out= 24 | full=0 | empty=1
# UVM_INFO monitor.sv(66) @ 4025: uvm_test_top.env.agnt.mon [Monitor sampling outputs] w_en=0 | Data_in =  1 | r_en=1 | data_out= 24 | full=0 | empty=1
# UVM_INFO monitor.sv(66) @ 4045: uvm_test_top.env.agnt.mon [Monitor sampling outputs] w_en=0 | Data_in =  1 | r_en=1 | data_out= 24 | full=0 | empty=1
# UVM_INFO monitor.sv(66) @ 4065: uvm_test_top.env.agnt.mon [Monitor sampling outputs] w_en=0 | Data_in =  1 | r_en=1 | data_out= 24 | full=0 | empty=1
# UVM_INFO monitor.sv(66) @ 4085: uvm_test_top.env.agnt.mon [Monitor sampling outputs] w_en=0 | Data_in =  1 | r_en=1 | data_out= 24 | full=0 | empty=1
# UVM_INFO monitor.sv(66) @ 4105: uvm_test_top.env.agnt.mon [Monitor sampling outputs] w_en=0 | Data_in =  1 | r_en=1 | data_out= 24 | full=0 | empty=1
# UVM_INFO monitor.sv(66) @ 4125: uvm_test_top.env.agnt.mon [Monitor sampling outputs] w_en=0 | Data_in =  1 | r_en=1 | data_out= 24 | full=0 | empty=1
# UVM_INFO monitor.sv(66) @ 4135: uvm_test_top.env.agnt.mon [Monitor sampling outputs] w_en=0 | Data_in =  1 | r_en=1 | data_out= 24 | full=0 | empty=1
# UVM_INFO monitor.sv(66) @ 4145: uvm_test_top.env.agnt.mon [Monitor sampling outputs] w_en=0 | Data_in =  1 | r_en=1 | data_out= 24 | full=0 | empty=1
# UVM_INFO monitor.sv(66) @ 4165: uvm_test_top.env.agnt.mon [Monitor sampling outputs] w_en=0 | Data_in =  1 | r_en=1 | data_out= 24 | full=0 | empty=1
# UVM_INFO monitor.sv(66) @ 4185: uvm_test_top.env.agnt.mon [Monitor sampling outputs] w_en=0 | Data_in =  1 | r_en=1 | data_out= 24 | full=0 | empty=1
# UVM_INFO monitor.sv(66) @ 4205: uvm_test_top.env.agnt.mon [Monitor sampling outputs] w_en=0 | Data_in =  1 | r_en=1 | data_out= 24 | full=0 | empty=1
# UVM_INFO monitor.sv(66) @ 4225: uvm_test_top.env.agnt.mon [Monitor sampling outputs] w_en=0 | Data_in =  1 | r_en=1 | data_out= 24 | full=0 | empty=1
# UVM_INFO monitor.sv(66) @ 4245: uvm_test_top.env.agnt.mon [Monitor sampling outputs] w_en=0 | Data_in =  1 | r_en=1 | data_out= 24 | full=0 | empty=1
# UVM_INFO monitor.sv(66) @ 4265: uvm_test_top.env.agnt.mon [Monitor sampling outputs] w_en=0 | Data_in =  1 | r_en=1 | data_out= 24 | full=0 | empty=1
# UVM_INFO monitor.sv(66) @ 4275: uvm_test_top.env.agnt.mon [Monitor sampling outputs] w_en=0 | Data_in =  1 | r_en=1 | data_out= 24 | full=0 | empty=1
# UVM_INFO monitor.sv(66) @ 4285: uvm_test_top.env.agnt.mon [Monitor sampling outputs] w_en=0 | Data_in =  1 | r_en=1 | data_out= 24 | full=0 | empty=1
# UVM_INFO monitor.sv(66) @ 4305: uvm_test_top.env.agnt.mon [Monitor sampling outputs] w_en=0 | Data_in =  1 | r_en=1 | data_out= 24 | full=0 | empty=1
# UVM_INFO monitor.sv(66) @ 4325: uvm_test_top.env.agnt.mon [Monitor sampling outputs] w_en=0 | Data_in =  1 | r_en=1 | data_out= 24 | full=0 | empty=1
# UVM_INFO monitor.sv(66) @ 4345: uvm_test_top.env.agnt.mon [Monitor sampling outputs] w_en=0 | Data_in =  1 | r_en=1 | data_out= 24 | full=0 | empty=1
# UVM_INFO monitor.sv(66) @ 4365: uvm_test_top.env.agnt.mon [Monitor sampling outputs] w_en=0 | Data_in =  1 | r_en=1 | data_out= 24 | full=0 | empty=1
# UVM_INFO monitor.sv(66) @ 4385: uvm_test_top.env.agnt.mon [Monitor sampling outputs] w_en=0 | Data_in =  1 | r_en=1 | data_out= 24 | full=0 | empty=1
# UVM_INFO monitor.sv(66) @ 4405: uvm_test_top.env.agnt.mon [Monitor sampling outputs] w_en=0 | Data_in =  1 | r_en=1 | data_out= 24 | full=0 | empty=1
# UVM_INFO monitor.sv(66) @ 4415: uvm_test_top.env.agnt.mon [Monitor sampling outputs] w_en=0 | Data_in =  1 | r_en=1 | data_out= 24 | full=0 | empty=1
# UVM_INFO monitor.sv(66) @ 4425: uvm_test_top.env.agnt.mon [Monitor sampling outputs] w_en=0 | Data_in =  1 | r_en=1 | data_out= 24 | full=0 | empty=1
# UVM_INFO monitor.sv(66) @ 4445: uvm_test_top.env.agnt.mon [Monitor sampling outputs] w_en=0 | Data_in =  1 | r_en=1 | data_out= 24 | full=0 | empty=1
# UVM_INFO monitor.sv(66) @ 4465: uvm_test_top.env.agnt.mon [Monitor sampling outputs] w_en=0 | Data_in =  1 | r_en=1 | data_out= 24 | full=0 | empty=1
# UVM_INFO monitor.sv(66) @ 4485: uvm_test_top.env.agnt.mon [Monitor sampling outputs] w_en=0 | Data_in =  1 | r_en=1 | data_out= 24 | full=0 | empty=1
# UVM_INFO monitor.sv(66) @ 4505: uvm_test_top.env.agnt.mon [Monitor sampling outputs] w_en=0 | Data_in =  1 | r_en=1 | data_out= 24 | full=0 | empty=1
# UVM_INFO monitor.sv(66) @ 4525: uvm_test_top.env.agnt.mon [Monitor sampling outputs] w_en=0 | Data_in =  1 | r_en=1 | data_out= 24 | full=0 | empty=1
# UVM_INFO monitor.sv(66) @ 4545: uvm_test_top.env.agnt.mon [Monitor sampling outputs] w_en=0 | Data_in =  1 | r_en=1 | data_out= 24 | full=0 | empty=1
# UVM_INFO monitor.sv(66) @ 4555: uvm_test_top.env.agnt.mon [Monitor sampling outputs] w_en=0 | Data_in =  1 | r_en=1 | data_out= 24 | full=0 | empty=1
# UVM_INFO monitor.sv(66) @ 4565: uvm_test_top.env.agnt.mon [Monitor sampling outputs] w_en=0 | Data_in =  1 | r_en=1 | data_out= 24 | full=0 | empty=1
# UVM_INFO monitor.sv(66) @ 4585: uvm_test_top.env.agnt.mon [Monitor sampling outputs] w_en=0 | Data_in =  1 | r_en=1 | data_out= 24 | full=0 | empty=1
# UVM_INFO monitor.sv(66) @ 4605: uvm_test_top.env.agnt.mon [Monitor sampling outputs] w_en=0 | Data_in =  1 | r_en=1 | data_out= 24 | full=0 | empty=1
# UVM_INFO monitor.sv(66) @ 4625: uvm_test_top.env.agnt.mon [Monitor sampling outputs] w_en=0 | Data_in =  1 | r_en=1 | data_out= 24 | full=0 | empty=1
# UVM_INFO monitor.sv(66) @ 4645: uvm_test_top.env.agnt.mon [Monitor sampling outputs] w_en=0 | Data_in =  1 | r_en=1 | data_out= 24 | full=0 | empty=1
# UVM_INFO monitor.sv(66) @ 4665: uvm_test_top.env.agnt.mon [Monitor sampling outputs] w_en=0 | Data_in =  1 | r_en=1 | data_out= 24 | full=0 | empty=1
# UVM_INFO monitor.sv(66) @ 4685: uvm_test_top.env.agnt.mon [Monitor sampling outputs] w_en=1 | Data_in =181 | r_en=0 | data_out= 24 | full=0 | empty=1
# UVM_INFO monitor.sv(66) @ 4695: uvm_test_top.env.agnt.mon [Monitor sampling outputs] w_en=1 | Data_in =194 | r_en=0 | data_out= 24 | full=0 | empty=1
# UVM_INFO monitor.sv(66) @ 4705: uvm_test_top.env.agnt.mon [Monitor sampling outputs] w_en=1 | Data_in =194 | r_en=0 | data_out= 24 | full=0 | empty=1
# UVM_INFO monitor.sv(66) @ 4725: uvm_test_top.env.agnt.mon [Monitor sampling outputs] w_en=1 | Data_in = 19 | r_en=0 | data_out= 24 | full=0 | empty=1
# UVM_INFO monitor.sv(66) @ 4745: uvm_test_top.env.agnt.mon [Monitor sampling outputs] w_en=1 | Data_in =230 | r_en=0 | data_out= 24 | full=0 | empty=1
# UVM_INFO monitor.sv(66) @ 4765: uvm_test_top.env.agnt.mon [Monitor sampling outputs] w_en=1 | Data_in =216 | r_en=0 | data_out= 24 | full=0 | empty=1
# UVM_INFO monitor.sv(66) @ 4785: uvm_test_top.env.agnt.mon [Monitor sampling outputs] w_en=1 | Data_in =229 | r_en=0 | data_out= 24 | full=0 | empty=1
# UVM_INFO monitor.sv(66) @ 4805: uvm_test_top.env.agnt.mon [Monitor sampling outputs] w_en=1 | Data_in =181 | r_en=0 | data_out= 24 | full=0 | empty=1
# UVM_INFO monitor.sv(66) @ 4825: uvm_test_top.env.agnt.mon [Monitor sampling outputs] w_en=1 | Data_in =161 | r_en=0 | data_out= 24 | full=0 | empty=1
# UVM_INFO monitor.sv(66) @ 4835: uvm_test_top.env.agnt.mon [Monitor sampling outputs] w_en=1 | Data_in =232 | r_en=0 | data_out= 24 | full=0 | empty=1
# UVM_INFO monitor.sv(66) @ 4845: uvm_test_top.env.agnt.mon [Monitor sampling outputs] w_en=1 | Data_in =232 | r_en=0 | data_out= 24 | full=0 | empty=0
# UVM_INFO monitor.sv(66) @ 4865: uvm_test_top.env.agnt.mon [Monitor sampling outputs] w_en=1 | Data_in = 80 | r_en=0 | data_out= 24 | full=0 | empty=0
# UVM_INFO monitor.sv(66) @ 4885: uvm_test_top.env.agnt.mon [Monitor sampling outputs] w_en=1 | Data_in = 72 | r_en=0 | data_out= 24 | full=0 | empty=0
# UVM_INFO monitor.sv(66) @ 4905: uvm_test_top.env.agnt.mon [Monitor sampling outputs] w_en=1 | Data_in =115 | r_en=0 | data_out= 24 | full=0 | empty=0
# UVM_INFO monitor.sv(66) @ 4925: uvm_test_top.env.agnt.mon [Monitor sampling outputs] w_en=1 | Data_in =122 | r_en=0 | data_out= 24 | full=0 | empty=0
# UVM_INFO monitor.sv(66) @ 4945: uvm_test_top.env.agnt.mon [Monitor sampling outputs] w_en=1 | Data_in =178 | r_en=0 | data_out= 24 | full=0 | empty=0
# UVM_INFO monitor.sv(66) @ 4965: uvm_test_top.env.agnt.mon [Monitor sampling outputs] w_en=1 | Data_in =195 | r_en=0 | data_out= 24 | full=0 | empty=0
# UVM_INFO monitor.sv(66) @ 4975: uvm_test_top.env.agnt.mon [Monitor sampling outputs] w_en=1 | Data_in =234 | r_en=0 | data_out= 24 | full=0 | empty=0
# UVM_INFO monitor.sv(66) @ 4985: uvm_test_top.env.agnt.mon [Monitor sampling outputs] w_en=1 | Data_in =234 | r_en=0 | data_out= 24 | full=0 | empty=0
# Time out!!
# ** Note: $finish    : testbench.sv(72)
#    Time: 5 us  Iteration: 0  Instance: /top
# 1
# Break in Module top at testbench.sv line 72
